#
# There is insufficient memory for the Java Runtime Environment to continue.
# Native memory allocation (mmap) failed to map 56623104 bytes for G1 virtual space
# Possible reasons:
#   The system is out of physical RAM or swap space
#   The process is running with CompressedOops enabled, and the Java Heap may be blocking the growth of the native heap
# Possible solutions:
#   Reduce memory load on the system
#   Increase physical memory or swap space
#   Check if swap backing store is full
#   Decrease Java heap size (-Xmx/-Xms)
#   Decrease number of Java threads
#   Decrease Java thread stack sizes (-Xss)
#   Set larger code cache with -XX:ReservedCodeCacheSize=
#   JVM is running with Unscaled Compressed Oops mode in which the Java heap is
#     placed in the first 4GB address space. The Java Heap base address is the
#     maximum limit for the native heap growth. Please use -XX:HeapBaseMinAddress
#     to set the Java Heap base and to place the Java Heap above 4GB virtual address.
# This output file may be truncated or incomplete.
#
#  Out of Memory Error (os_windows.cpp:3825), pid=5488, tid=13836
#
# JRE version:  (17.0.9+7) (build )
# Java VM: OpenJDK 64-Bit Server VM (17.0.9+7-b1087.11, mixed mode, sharing, tiered, compressed oops, compressed class ptrs, g1 gc, windows-amd64)
# No core dump will be written. Minidumps are not enabled by default on client versions of Windows
#

---------------  S U M M A R Y ------------

Command Line: git4idea.http.GitAskPassApp Username for 'https://github.com': 

Host: AMD 3015e with Radeon Graphics                 , 4 cores, 3G,  Windows 11 , 64 bit Build 22621 (10.0.22621.3235)
Time: Tue Apr  2 20:39:15 2024 Central Daylight Time elapsed time: 0.234903 seconds (0d 0h 0m 0s)

---------------  T H R E A D  ---------------

Current thread (0x00000264e3eac650):  JavaThread "Unknown thread" [_thread_in_vm, id=13836, stack(0x000000a424200000,0x000000a424300000)]

Stack: [0x000000a424200000,0x000000a424300000]
Native frames: (J=compiled Java code, j=interpreted, Vv=VM code, C=native code)
V  [jvm.dll+0x688349]
V  [jvm.dll+0x841bfa]
V  [jvm.dll+0x84383e]
V  [jvm.dll+0x843ea3]
V  [jvm.dll+0x24bdef]
V  [jvm.dll+0x6850f9]
V  [jvm.dll+0x67988a]
V  [jvm.dll+0x30cbfb]
V  [jvm.dll+0x3140a6]
V  [jvm.dll+0x363ede]
V  [jvm.dll+0x36410f]
V  [jvm.dll+0x2e29c8]
V  [jvm.dll+0x2e3934]
V  [jvm.dll+0x812771]
V  [jvm.dll+0x371d41]
V  [jvm.dll+0x7f12bc]
V  [jvm.dll+0x3f59cf]
V  [jvm.dll+0x3f7601]
C  [jli.dll+0x528f]
C  [ucrtbase.dll+0x29363]
C  [KERNEL32.DLL+0x1257d]
C  [ntdll.dll+0x5aa58]


---------------  P R O C E S S  ---------------

Threads class SMR info:
_java_thread_list=0x00007ff86eecdf18, length=0, elements={
}

Java Threads: ( => current thread )

Other Threads:
  0x00000264e3ee2b70 GCTaskThread "GC Thread#0" [stack: 0x000000a424300000,0x000000a424400000] [id=3092]
  0x00000264e3eeb690 ConcurrentGCThread "G1 Main Marker" [stack: 0x000000a424400000,0x000000a424500000] [id=8996]
  0x00000264e3eec850 ConcurrentGCThread "G1 Conc#0" [stack: 0x000000a424500000,0x000000a424600000] [id=13804]

[error occurred during error reporting (printing all threads), id 0xc0000005, EXCEPTION_ACCESS_VIOLATION (0xc0000005) at pc=0x00007ff86e683597]

VM state: not at safepoint (not fully initialized)

VM Mutex/Monitor currently owned by a thread:  ([mutex/lock_event])
[0x00000264e3ea60a0] Heap_lock - owner thread: 0x00000264e3eac650

Heap address: 0x00000000ca200000, size: 862 MB, Compressed Oops mode: 32-bit

CDS archive(s) mapped at: [0x0000000000000000-0x0000000000000000-0x0000000000000000), size 0, SharedBaseAddress: 0x0000000800000000, ArchiveRelocationMode: 1.
Narrow klass base: 0x0000000000000000, Narrow klass shift: 0, Narrow klass range: 0x0

GC Precious Log:
<Empty>

Heap:
 garbage-first heap   total 0K, used 0K [0x00000000ca200000, 0x0000000100000000)
  region size 1024K, 0 young (0K), 0 survivors (0K)
 Metaspace       used 0K, committed 0K, reserved 0K
  class space    used 0K, committed 0K, reserved 0K

Heap Regions: E=young(eden), S=young(survivor), O=old, HS=humongous(starts), HC=humongous(continues), CS=collection set, F=free, OA=open archive, CA=closed archive, TAMS=top-at-mark-start (previous, next)

Card table byte_map: [0x00000264f6620000,0x00000264f67d0000] _byte_map_base: 0x00000264f5fcf000

Marking Bits (Prev, Next): (CMBitMap*) 0x00000264e3ee41a0, (CMBitMap*) 0x00000264e3ee41e0
 Prev Bits: [0x00000264f6980000, 0x00000264f76f8000)
 Next Bits: [0x00000264f7700000, 0x00000264f8478000)

GC Heap History (0 events):
No events

Dll operation events (1 events):
Event: 0.206 Loaded shared library C:\Users\rosal\AppData\Local\JetBrains\PyCharm Community Edition 2023.3.3\jbr\bin\java.dll

Deoptimization events (0 events):
No events

Classes unloaded (0 events):
No events

Classes redefined (0 events):
No events

Internal exceptions (0 events):
No events

VM Operations (0 events):
No events

Events (0 events):
No events


Dynamic libraries:
0x00007ff6385f0000 - 0x00007ff6385fa000 	C:\Users\rosal\AppData\Local\JetBrains\PyCharm Community Edition 2023.3.3\jbr\bin\java.exe
0x00007ff8dd8b0000 - 0x00007ff8ddac6000 	C:\WINDOWS\SYSTEM32\ntdll.dll
0x00007ff8dd1f0000 - 0x00007ff8dd2b4000 	C:\WINDOWS\System32\KERNEL32.DLL
0x00007ff8dae50000 - 0x00007ff8db1f6000 	C:\WINDOWS\System32\KERNELBASE.dll
0x00007ff8dad30000 - 0x00007ff8dae41000 	C:\WINDOWS\System32\ucrtbase.dll
0x00007ff8b5b10000 - 0x00007ff8b5b2b000 	C:\Users\rosal\AppData\Local\JetBrains\PyCharm Community Edition 2023.3.3\jbr\bin\VCRUNTIME140.dll
0x00007ff8b1890000 - 0x00007ff8b18a7000 	C:\Users\rosal\AppData\Local\JetBrains\PyCharm Community Edition 2023.3.3\jbr\bin\jli.dll
0x00007ff8dc2e0000 - 0x00007ff8dc48d000 	C:\WINDOWS\System32\USER32.dll
0x00007ff8db270000 - 0x00007ff8db296000 	C:\WINDOWS\System32\win32u.dll
0x00007ff8c41e0000 - 0x00007ff8c4473000 	C:\WINDOWS\WinSxS\amd64_microsoft.windows.common-controls_6595b64144ccf1df_6.0.22621.3235_none_270f74e173860f98\COMCTL32.dll
0x00007ff8dcdc0000 - 0x00007ff8dcde9000 	C:\WINDOWS\System32\GDI32.dll
0x00007ff8db4e0000 - 0x00007ff8db5f8000 	C:\WINDOWS\System32\gdi32full.dll
0x00007ff8dd4d0000 - 0x00007ff8dd577000 	C:\WINDOWS\System32\msvcrt.dll
0x00007ff8db2a0000 - 0x00007ff8db33a000 	C:\WINDOWS\System32\msvcp_win.dll
0x00007ff8dd6a0000 - 0x00007ff8dd6d1000 	C:\WINDOWS\System32\IMM32.DLL
0x00007ff8d74c0000 - 0x00007ff8d74cc000 	C:\Users\rosal\AppData\Local\JetBrains\PyCharm Community Edition 2023.3.3\jbr\bin\vcruntime140_1.dll
0x00007ff89fe90000 - 0x00007ff89ff1d000 	C:\Users\rosal\AppData\Local\JetBrains\PyCharm Community Edition 2023.3.3\jbr\bin\msvcp140.dll
0x00007ff86e390000 - 0x00007ff86f012000 	C:\Users\rosal\AppData\Local\JetBrains\PyCharm Community Edition 2023.3.3\jbr\bin\server\jvm.dll
0x00007ff8dd380000 - 0x00007ff8dd432000 	C:\WINDOWS\System32\ADVAPI32.dll
0x00007ff8dcef0000 - 0x00007ff8dcf98000 	C:\WINDOWS\System32\sechost.dll
0x00007ff8db340000 - 0x00007ff8db368000 	C:\WINDOWS\System32\bcrypt.dll
0x00007ff8dd580000 - 0x00007ff8dd695000 	C:\WINDOWS\System32\RPCRT4.dll
0x00007ff8d2a50000 - 0x00007ff8d2a5a000 	C:\WINDOWS\SYSTEM32\VERSION.dll
0x00007ff8daac0000 - 0x00007ff8dab0d000 	C:\WINDOWS\SYSTEM32\POWRPROF.dll
0x00007ff8d74b0000 - 0x00007ff8d74b9000 	C:\WINDOWS\SYSTEM32\WSOCK32.dll
0x00007ff8dc490000 - 0x00007ff8dc501000 	C:\WINDOWS\System32\WS2_32.dll
0x00007ff8d4200000 - 0x00007ff8d4234000 	C:\WINDOWS\SYSTEM32\WINMM.dll
0x00007ff8daaa0000 - 0x00007ff8daab3000 	C:\WINDOWS\SYSTEM32\UMPDC.dll
0x00007ff8d9bf0000 - 0x00007ff8d9c08000 	C:\WINDOWS\SYSTEM32\kernel.appcore.dll
0x00007ff8c86e0000 - 0x00007ff8c86ea000 	C:\Users\rosal\AppData\Local\JetBrains\PyCharm Community Edition 2023.3.3\jbr\bin\jimage.dll
0x00007ff8d8760000 - 0x00007ff8d8993000 	C:\WINDOWS\SYSTEM32\DBGHELP.DLL
0x00007ff8dc6d0000 - 0x00007ff8dca58000 	C:\WINDOWS\System32\combase.dll
0x00007ff8dca60000 - 0x00007ff8dcb37000 	C:\WINDOWS\System32\OLEAUT32.dll
0x00007ff8c6830000 - 0x00007ff8c6862000 	C:\WINDOWS\SYSTEM32\dbgcore.DLL
0x00007ff8dabf0000 - 0x00007ff8dac6a000 	C:\WINDOWS\System32\bcryptPrimitives.dll
0x00007ff8b3030000 - 0x00007ff8b3055000 	C:\Users\rosal\AppData\Local\JetBrains\PyCharm Community Edition 2023.3.3\jbr\bin\java.dll

dbghelp: loaded successfully - version: 4.0.5 - missing functions: none
symbol engine: initialized successfully - sym options: 0x614 - pdb path: .;C:\Users\rosal\AppData\Local\JetBrains\PyCharm Community Edition 2023.3.3\jbr\bin;C:\WINDOWS\SYSTEM32;C:\WINDOWS\WinSxS\amd64_microsoft.windows.common-controls_6595b64144ccf1df_6.0.22621.3235_none_270f74e173860f98;C:\Users\rosal\AppData\Local\JetBrains\PyCharm Community Edition 2023.3.3\jbr\bin\server

VM Arguments:
java_command: git4idea.http.GitAskPassApp Username for 'https://github.com': 
java_class_path (initial): C:/Users/rosal/AppData/Local/JetBrains/PyCharm Community Edition 2023.3.3/plugins/vcs-git/lib/git4idea-rt.jar;C:/Users/rosal/AppData/Local/JetBrains/PyCharm Community Edition 2023.3.3/lib/externalProcess-rt.jar
Launcher Type: SUN_STANDARD

[Global flags]
     intx CICompilerCount                          = 3                                         {product} {ergonomic}
     uint ConcGCThreads                            = 1                                         {product} {ergonomic}
     uint G1ConcRefinementThreads                  = 4                                         {product} {ergonomic}
   size_t G1HeapRegionSize                         = 1048576                                   {product} {ergonomic}
    uintx GCDrainStackTargetSize                   = 64                                        {product} {ergonomic}
   size_t InitialHeapSize                          = 56623104                                  {product} {ergonomic}
   size_t MarkStackSize                            = 4194304                                   {product} {ergonomic}
   size_t MaxHeapSize                              = 903872512                                 {product} {ergonomic}
   size_t MinHeapDeltaBytes                        = 1048576                                   {product} {ergonomic}
   size_t MinHeapSize                              = 8388608                                   {product} {ergonomic}
    uintx NonNMethodCodeHeapSize                   = 5832780                                {pd product} {ergonomic}
    uintx NonProfiledCodeHeapSize                  = 122912730                              {pd product} {ergonomic}
    uintx ProfiledCodeHeapSize                     = 122912730                              {pd product} {ergonomic}
    uintx ReservedCodeCacheSize                    = 251658240                              {pd product} {ergonomic}
     bool SegmentedCodeCache                       = true                                      {product} {ergonomic}
   size_t SoftMaxHeapSize                          = 903872512                              {manageable} {ergonomic}
     bool UseCompressedClassPointers               = true                           {product lp64_product} {ergonomic}
     bool UseCompressedOops                        = true                           {product lp64_product} {ergonomic}
     bool UseG1GC                                  = true                                      {product} {ergonomic}
     bool UseLargePagesIndividualAllocation        = false                                  {pd product} {ergonomic}

Logging:
Log output configuration:
 #0: stdout all=warning uptime,level,tags
 #1: stderr all=off uptime,level,tags

Environment Variables:
PATH=C:/Program Files/Git/mingw64/libexec/git-core;C:/Program Files/Git/mingw64/libexec/git-core;C:\Program Files\Git\mingw64\bin;C:\Program Files\Git\usr\bin;C:\Users\rosal\bin;C:\Users\rosal\PycharmProjects\MATH6397HW2\.venv\Scripts;C:\WINDOWS\system32;C:\WINDOWS;C:\WINDOWS\System32\Wbem;C:\WINDOWS\System32\WindowsPowerShell\v1.0\;C:\WINDOWS\System32\OpenSSH\;C:\Program Files\Git\cmd;C:\Users\rosal\AppData\Local\Programs\Python\Launcher\;C:\Users\rosal\AppData\Local\Microsoft\WindowsApps;C:\Users\rosal\AppData\Local\Programs\MiKTeX\miktex\bin\x64\
USERNAME=rosal
DISPLAY=:0.0
LC_ALL=en_US.UTF-8
TERM=xterm-256color
TMPDIR=C:\Users\rosal\AppData\Local\Temp
OS=Windows_NT
PROCESSOR_IDENTIFIER=AMD64 Family 23 Model 32 Stepping 1, AuthenticAMD
TMP=C:\Users\rosal\AppData\Local\Temp
TEMP=C:\Users\rosal\AppData\Local\Temp



Periodic native trim disabled

JNI global refs:
JNI global refs: 0, weak refs: 0

JNI global refs memory usage: 0, weak refs: 0

OOME stack traces (most recent first):
Classloader memory used:


---------------  S Y S T E M  ---------------

OS:
 Windows 11 , 64 bit Build 22621 (10.0.22621.3235)
OS uptime: 2 days 20:33 hours
Hyper-V role detected

CPU: total 4 (initial active 4) (4 cores per cpu, 2 threads per core) family 23 model 32 stepping 1 microcode 0x0, cx8, cmov, fxsr, ht, mmx, 3dnowpref, sse, sse2, sse3, ssse3, sse4a, sse4.1, sse4.2, popcnt, lzcnt, tsc, tscinvbit, avx, avx2, aes, clmul, bmi1, bmi2, adx, sha, fma, vzeroupper, clflush, clflushopt, hv
Processor Information for all 4 processors :
  Max Mhz: 1200, Current Mhz: 1200, Mhz Limit: 1200

Memory: 4k page, system-wide physical 3440M (204M free)
TotalPageFile size 10736M (AvailPageFile size 51M)
current process WorkingSet (physical memory assigned to process): 10M, peak: 10M
current process commit charge ("private bytes"): 51M, peak: 105M

vm_info: OpenJDK 64-Bit Server VM (17.0.9+7-b1087.11) for windows-amd64 JRE (17.0.9+7-b1087.11), built on 2024-01-05 by "builduser" with MS VC++ 16.10 / 16.11 (VS2019)

END.
